srun: Job step aborted: Waiting up to 62 seconds for job step to finish.
slurmstepd: error: *** JOB 575750 ON compute-113-4 CANCELLED AT 2026-01-09T16:29:24 DUE TO TIME LIMIT ***
slurmstepd: error: *** STEP 575750.0 ON compute-113-4 CANCELLED AT 2026-01-09T16:29:24 DUE TO TIME LIMIT ***
srun: got SIGCONT
srun: forcing job termination
srun: error: compute-113-4: task 0: Terminated
